Time: 2025-09-22 09:52:17, Key: h
Time: 2025-09-22 09:52:17, Key: u
Time: 2025-09-22 09:52:17, Key: g
Time: 2025-09-22 09:52:17, Key: o
Time: 2025-09-22 09:52:41, Key: [VK_A5]
Time: 2025-09-22 09:52:41, Key: 	
Time: 2025-09-22 09:52:42, Key: [VK_A2]
Time: 2025-09-22 09:52:42, Key: c

=== WinKey Started at 2025-09-23 12:39:17 ===
Initial Window: Simple Browser - tinky-winkey - Visual Studio Code

Time: 2025-09-23 12:39:20, Window: Simple Browser - tinky-winkey - Visual Studio Code, Key: i
Time: 2025-09-23 12:39:20, Window: Simple Browser - tinky-winkey - Visual Studio Code, Key: o
Time: 2025-09-23 12:39:20, Window: Simple Browser - tinky-winkey - Visual Studio Code, Key: i
Time: 2025-09-23 12:39:21, Window: Simple Browser - tinky-winkey - Visual Studio Code, Key: u
Time: 2025-09-23 12:39:21, Window: Simple Browser - tinky-winkey - Visual Studio Code, Key: h
Time: 2025-09-23 12:39:21, Window: Simple Browser - tinky-winkey - Visual Studio Code, Key: i
Time: 2025-09-23 12:39:21, Window: Simple Browser - tinky-winkey - Visual Studio Code, Key: u
Time: 2025-09-23 12:39:21, Window: Simple Browser - tinky-winkey - Visual Studio Code, Key: h
Time: 2025-09-23 12:39:23, Window: Simple Browser - tinky-winkey - Visual Studio Code, Key: [VK_A1]
Time: 2025-09-23 12:39:26, Window: Simple Browser - tinky-winkey - Visual Studio Code, Key: [VK_A1]
Time: 2025-09-23 12:39:26, Window: Simple Browser - tinky-winkey - Visual Studio Code, Key: o
Time: 2025-09-23 12:39:26, Window: Simple Browser - tinky-winkey - Visual Studio Code, Key: i
Time: 2025-09-23 12:39:26, Window: Simple Browser - tinky-winkey - Visual Studio Code, Key: j
Time: 2025-09-23 12:39:28, Window: Simple Browser - tinky-winkey - Visual Studio Code, Key: i
Time: 2025-09-23 12:39:28, Window: Simple Browser - tinky-winkey - Visual Studio Code, Key: o
Time: 2025-09-23 12:39:28, Window: Simple Browser - tinky-winkey - Visual Studio Code, Key: j
Time: 2025-09-23 12:39:28, Window: Simple Browser - tinky-winkey - Visual Studio Code, Key: o
Time: 2025-09-23 12:39:28, Window: Simple Browser - tinky-winkey - Visual Studio Code, Key: i
Time: 2025-09-23 12:39:28, Window: Simple Browser - tinky-winkey - Visual Studio Code, Key: j
Time: 2025-09-23 12:39:29, Window: Simple Browser - tinky-winkey - Visual Studio Code, Key: [VK_A1]
Time: 2025-09-23 12:39:36, Window: Simple Browser - tinky-winkey - Visual Studio Code, Key: j
Time: 2025-09-23 12:39:36, Window: Simple Browser - tinky-winkey - Visual Studio Code, Key: o
Time: 2025-09-23 12:39:36, Window: Simple Browser - tinky-winkey - Visual Studio Code, Key: i
Time: 2025-09-23 12:39:36, Window: Simple Browser - tinky-winkey - Visual Studio Code, Key: j
Time: 2025-09-23 12:39:36, Window: Simple Browser - tinky-winkey - Visual Studio Code, Key: o
Time: 2025-09-23 12:39:36, Window: Simple Browser - tinky-winkey - Visual Studio Code, Key: i
Time: 2025-09-23 12:39:36, Window: Simple Browser - tinky-winkey - Visual Studio Code, Key: j
Time: 2025-09-23 12:39:37, Window: Simple Browser - tinky-winkey - Visual Studio Code, Key: [VK_A1]
Time: 2025-09-23 12:39:38, Window: Simple Browser - tinky-winkey - Visual Studio Code, Key: [VK_A1]
Time: 2025-09-23 12:39:41, Window: Simple Browser - tinky-winkey - Visual Studio Code, Key: [VK_A2]
Time: 2025-09-23 12:39:41, Window: Simple Browser - tinky-winkey - Visual Studio Code, Key: c

=== WinKey Started at 2025-09-23 12:39:55 ===
Initial Window: winkey.log - tinky-winkey - Visual Studio Code


--- Window Change at 2025-09-23 12:39:57 ---
Previous: winkey.log - tinky-winkey - Visual Studio Code
Current: 
--- End Window Change ---


--- Window Change at 2025-09-23 12:39:57 ---
Previous: 
Current: File Explorer
--- End Window Change ---

Time: 2025-09-23 12:40:00, Window: File Explorer, Key: j
Time: 2025-09-23 12:40:00, Window: File Explorer, Key: i
Time: 2025-09-23 12:40:01, Window: File Explorer, Key: o
Time: 2025-09-23 12:40:01, Window: File Explorer, Key: j
Time: 2025-09-23 12:40:01, Window: File Explorer, Key: o
Time: 2025-09-23 12:40:01, Window: File Explorer, Key: i
Time: 2025-09-23 12:40:01, Window: File Explorer, Key: j
Time: 2025-09-23 12:40:01, Window: File Explorer, Key: o
Time: 2025-09-23 12:40:01, Window: File Explorer, Key: i
Time: 2025-09-23 12:40:02, Window: File Explorer, Key: j
Time: 2025-09-23 12:40:02, Window: File Explorer, Key: i
Time: 2025-09-23 12:40:02, Window: File Explorer, Key: o
Time: 2025-09-23 12:40:02, Window: File Explorer, Key: j
Time: 2025-09-23 12:40:02, Window: File Explorer, Key: i
Time: 2025-09-23 12:40:02, Window: File Explorer, Key: o
Time: 2025-09-23 12:40:03, Window: File Explorer, Key: i
Time: 2025-09-23 12:40:03, Window: File Explorer, Key: j
Time: 2025-09-23 12:40:03, Window: File Explorer, Key: o
Time: 2025-09-23 12:40:03, Window: File Explorer, Key: i

--- Window Change at 2025-09-23 12:40:03 ---
Previous: File Explorer
Current: winkey.log - tinky-winkey - Visual Studio Code
--- End Window Change ---


--- Window Change at 2025-09-23 12:40:33 ---
Previous: winkey.log - tinky-winkey - Visual Studio Code
Current: MINGW64:/c/Users/meter
--- End Window Change ---

Time: 2025-09-23 12:40:37, Window: MINGW64:/c/Users/meter, Key: u
Time: 2025-09-23 12:40:37, Window: MINGW64:/c/Users/meter, Key: y
Time: 2025-09-23 12:40:37, Window: MINGW64:/c/Users/meter, Key: g
Time: 2025-09-23 12:40:38, Window: MINGW64:/c/Users/meter, Key: i
Time: 2025-09-23 12:40:38, Window: MINGW64:/c/Users/meter, Key: u
Time: 2025-09-23 12:40:38, Window: MINGW64:/c/Users/meter, Key: y
Time: 2025-09-23 12:40:38, Window: MINGW64:/c/Users/meter, Key: g
Time: 2025-09-23 12:40:38, Window: MINGW64:/c/Users/meter, Key: u
Time: 2025-09-23 12:40:38, Window: MINGW64:/c/Users/meter, Key: i
Time: 2025-09-23 12:40:38, Window: MINGW64:/c/Users/meter, Key: y
Time: 2025-09-23 12:40:38, Window: MINGW64:/c/Users/meter, Key: g
Time: 2025-09-23 12:40:38, Window: MINGW64:/c/Users/meter, Key: u
Time: 2025-09-23 12:40:38, Window: MINGW64:/c/Users/meter, Key: i
Time: 2025-09-23 12:40:38, Window: MINGW64:/c/Users/meter, Key: y
Time: 2025-09-23 12:40:38, Window: MINGW64:/c/Users/meter, Key: g
Time: 2025-09-23 12:40:38, Window: MINGW64:/c/Users/meter, Key: u
Time: 2025-09-23 12:40:38, Window: MINGW64:/c/Users/meter, Key: i
Time: 2025-09-23 12:40:39, Window: MINGW64:/c/Users/meter, Key: y

--- Window Change at 2025-09-23 12:40:39 ---
Previous: MINGW64:/c/Users/meter
Current: winkey.log - tinky-winkey - Visual Studio Code
--- End Window Change ---

Time: 2025-09-23 12:41:38, Window: winkey.log - tinky-winkey - Visual Studio Code, Key: [VK_A2]
Time: 2025-09-23 12:41:38, Window: winkey.log - tinky-winkey - Visual Studio Code, Key: c
